{"name": "test_products_group", "status": "skipped", "statusDetails": {"message": "XFAIL Wait for fix bug\n\nselenium.common.exceptions.ElementClickInterceptedException: Message: element click intercepted: Element <a href=\"https://testqastudio.me?products_group=sale\" class=\"tab-sale \">...</a> is not clickable at point (708, 690). Other element would receive the click: <div class=\"catalog-toolbar-tabs__content\">...</div>\n  (Session info: chrome=117.0.5938.134)\nStacktrace:\n\tGetHandleVerifier [0x00007FF7D56B7D12+55474]\n\t(No symbol) [0x00007FF7D56277C2]\n\t(No symbol) [0x00007FF7D54DE0EB]\n\t(No symbol) [0x00007FF7D5524E7B]\n\t(No symbol) [0x00007FF7D5523249]\n\t(No symbol) [0x00007FF7D5521018]\n\t(No symbol) [0x00007FF7D55200D3]\n\t(No symbol) [0x00007FF7D5515DCF]\n\t(No symbol) [0x00007FF7D553F15A]\n\t(No symbol) [0x00007FF7D55156E6]\n\t(No symbol) [0x00007FF7D553F370]\n\t(No symbol) [0x00007FF7D5557EF2]\n\t(No symbol) [0x00007FF7D553EF33]\n\t(No symbol) [0x00007FF7D5513D41]\n\t(No symbol) [0x00007FF7D5514F84]\n\tGetHandleVerifier [0x00007FF7D5A1B762+3609346]\n\tGetHandleVerifier [0x00007FF7D5A71A80+3962400]\n\tGetHandleVerifier [0x00007FF7D5A69F0F+3930799]\n\tGetHandleVerifier [0x00007FF7D5753CA6+694342]\n\t(No symbol) [0x00007FF7D5632218]\n\t(No symbol) [0x00007FF7D562E484]\n\t(No symbol) [0x00007FF7D562E5B2]\n\t(No symbol) [0x00007FF7D561EE13]\n\tBaseThreadInitThunk [0x00007FF86B1E7344+20]\n\tRtlUserThreadStart [0x00007FF86C6C26B1+33]", "trace": "tests\\test_shop.py:48: in test_products_group\n    element.click()\n        browser    = <selenium.webdriver.chrome.webdriver.WebDriver (session=\"77e99d84b3d5e519ee061d09323d6333\")>\n        element    = <selenium.webdriver.remote.webelement.WebElement (session=\"77e99d84b3d5e519ee061d09323d6333\", element=\"51154B5102531395080FD5931CC559E7_element_130\")>\n        elements   = [<selenium.webdriver.remote.webelement.WebElement (session=\"77e99d84b3d5e519ee061d09323d6333\", element=\"41B5328F3F109B...lement.WebElement (session=\"77e99d84b3d5e519ee061d09323d6333\", element=\"41B5328F3F109B6D9872C4CDF8E64F93_element_82\")>]\n        expected_menu = [('Все', '', \"[class='tab-all active']\"), ('Бестселлеры', '/?products_group=best_sellers', \"[class='tab-best_sellers '... '/?products_group=new', \"[class='tab-new ']\"), ('Распродажа товаров', '/?products_group=sale', \"[class='tab-sale ']\")]\n        item       = ('Распродажа товаров', '/?products_group=sale', \"[class='tab-sale ']\")\n        menu_element = \"[class='catalog-toolbar-tabs__content'] a\"\nC:\\Users\\sanya\\AppData\\Local\\Programs\\Python\\Python311\\Lib\\site-packages\\selenium\\webdriver\\remote\\webelement.py:93: in click\n    self._execute(Command.CLICK_ELEMENT)\n        self       = <selenium.webdriver.remote.webelement.WebElement (session=\"77e99d84b3d5e519ee061d09323d6333\", element=\"51154B5102531395080FD5931CC559E7_element_130\")>\nC:\\Users\\sanya\\AppData\\Local\\Programs\\Python\\Python311\\Lib\\site-packages\\selenium\\webdriver\\remote\\webelement.py:394: in _execute\n    return self._parent.execute(command, params)\n        command    = 'clickElement'\n        params     = {'id': '51154B5102531395080FD5931CC559E7_element_130'}\n        self       = <selenium.webdriver.remote.webelement.WebElement (session=\"77e99d84b3d5e519ee061d09323d6333\", element=\"51154B5102531395080FD5931CC559E7_element_130\")>\nC:\\Users\\sanya\\AppData\\Local\\Programs\\Python\\Python311\\Lib\\site-packages\\selenium\\webdriver\\remote\\webdriver.py:344: in execute\n    self.error_handler.check_response(response)\n        driver_command = 'clickElement'\n        params     = {}\n        response   = {'status': 400, 'value': '{\"value\":{\"error\":\"element click intercepted\",\"message\":\"element click intercepted: Element ...07FF7D561EE13]\\\\n\\\\tBaseThreadInitThunk [0x00007FF86B1E7344+20]\\\\n\\\\tRtlUserThreadStart [0x00007FF86C6C26B1+33]\\\\n\"}}'}\n        self       = <selenium.webdriver.chrome.webdriver.WebDriver (session=\"77e99d84b3d5e519ee061d09323d6333\")>\nC:\\Users\\sanya\\AppData\\Local\\Programs\\Python\\Python311\\Lib\\site-packages\\selenium\\webdriver\\remote\\errorhandler.py:229: in check_response\n    raise exception_class(message, screen, stacktrace)\nE   selenium.common.exceptions.ElementClickInterceptedException: Message: element click intercepted: Element <a href=\"https://testqastudio.me?products_group=sale\" class=\"tab-sale \">...</a> is not clickable at point (708, 690). Other element would receive the click: <div class=\"catalog-toolbar-tabs__content\">...</div>\nE     (Session info: chrome=117.0.5938.134)\nE   Stacktrace:\nE   \tGetHandleVerifier [0x00007FF7D56B7D12+55474]\nE   \t(No symbol) [0x00007FF7D56277C2]\nE   \t(No symbol) [0x00007FF7D54DE0EB]\nE   \t(No symbol) [0x00007FF7D5524E7B]\nE   \t(No symbol) [0x00007FF7D5523249]\nE   \t(No symbol) [0x00007FF7D5521018]\nE   \t(No symbol) [0x00007FF7D55200D3]\nE   \t(No symbol) [0x00007FF7D5515DCF]\nE   \t(No symbol) [0x00007FF7D553F15A]\nE   \t(No symbol) [0x00007FF7D55156E6]\nE   \t(No symbol) [0x00007FF7D553F370]\nE   \t(No symbol) [0x00007FF7D5557EF2]\nE   \t(No symbol) [0x00007FF7D553EF33]\nE   \t(No symbol) [0x00007FF7D5513D41]\nE   \t(No symbol) [0x00007FF7D5514F84]\nE   \tGetHandleVerifier [0x00007FF7D5A1B762+3609346]\nE   \tGetHandleVerifier [0x00007FF7D5A71A80+3962400]\nE   \tGetHandleVerifier [0x00007FF7D5A69F0F+3930799]\nE   \tGetHandleVerifier [0x00007FF7D5753CA6+694342]\nE   \t(No symbol) [0x00007FF7D5632218]\nE   \t(No symbol) [0x00007FF7D562E484]\nE   \t(No symbol) [0x00007FF7D562E5B2]\nE   \t(No symbol) [0x00007FF7D561EE13]\nE   \tBaseThreadInitThunk [0x00007FF86B1E7344+20]\nE   \tRtlUserThreadStart [0x00007FF86C6C26B1+33]\n        e          = <selenium.webdriver.remote.errorhandler.ErrorCode object at 0x000002AAF83AF6D0>\n        error_code = 'ELEMENT_CLICK_INTERCEPTED'\n        error_codes = ['ELEMENT_CLICK_INTERCEPTED', 'ELEMENT_IS_NOT_SELECTABLE', 'ELEMENT_NOT_INTERACTABLE', 'ELEMENT_NOT_VISIBLE', 'IME_ENGINE_ACTIVATION_FAILED', 'IME_NOT_AVAILABLE', ...]\n        error_info = [64, 'element click intercepted']\n        exception_class = <class 'selenium.common.exceptions.ElementClickInterceptedException'>\n        json       = <module 'json' from 'C:\\\\Users\\\\sanya\\\\AppData\\\\Local\\\\Programs\\\\Python\\\\Python311\\\\Lib\\\\json\\\\__init__.py'>\n        message    = 'element click intercepted: Element <a href=\"https://testqastudio.me?products_group=sale\" class=\"tab-sale \">...</a> is...would receive the click: <div class=\"catalog-toolbar-tabs__content\">...</div>\\n  (Session info: chrome=117.0.5938.134)'\n        response   = {'status': 400, 'value': '{\"value\":{\"error\":\"element click intercepted\",\"message\":\"element click intercepted: Element ...07FF7D561EE13]\\\\n\\\\tBaseThreadInitThunk [0x00007FF86B1E7344+20]\\\\n\\\\tRtlUserThreadStart [0x00007FF86C6C26B1+33]\\\\n\"}}'}\n        screen     = None\n        self       = <selenium.webdriver.remote.errorhandler.ErrorHandler object at 0x000002AAF83AC6D0>\n        st_value   = '\\tGetHandleVerifier [0x00007FF7D56B7D12+55474]\\n\\t(No symbol) [0x00007FF7D56277C2]\\n\\t(No symbol) [0x00007FF7D54DE0EB...l) [0x00007FF7D561EE13]\\n\\tBaseThreadInitThunk [0x00007FF86B1E7344+20]\\n\\tRtlUserThreadStart [0x00007FF86C6C26B1+33]\\n'\n        stacktrace = ['\\tGetHandleVerifier [0x00007FF7D56B7D12+55474]', '\\t(No symbol) [0x00007FF7D56277C2]', '\\t(No symbol) [0x00007FF7D54... '\\t(No symbol) [0x00007FF7D5524E7B]', '\\t(No symbol) [0x00007FF7D5523249]', '\\t(No symbol) [0x00007FF7D5521018]', ...]\n        status     = 'element click intercepted'\n        value      = {'error': 'element click intercepted', 'message': 'element click intercepted: Element <a href=\"https://testqastudio.me...) [0x00007FF7D561EE13]\\n\\tBaseThreadInitThunk [0x00007FF86B1E7344+20]\\n\\tRtlUserThreadStart [0x00007FF86C6C26B1+33]\\n'}\n        value_json = '{\"value\":{\"error\":\"element click intercepted\",\"message\":\"element click intercepted: Element \\\\u003Ca href=\\\\\"https://...007FF7D561EE13]\\\\n\\\\tBaseThreadInitThunk [0x00007FF86B1E7344+20]\\\\n\\\\tRtlUserThreadStart [0x00007FF86C6C26B1+33]\\\\n\"}}'"}, "description": "\n    Test case TC-2\n    ", "start": 1696703856232, "stop": 1696703863230, "uuid": "fdf1a91b-9ef7-4efd-a92b-f7e8e0125c6f", "historyId": "4fdd6adba16e950b161eae73ef4ccb14", "testCaseId": "4fdd6adba16e950b161eae73ef4ccb14", "fullName": "tests.test_shop#test_products_group", "labels": [{"name": "tag", "value": "@pytest.mark.xfail(reason='Wait for fix bug')"}, {"name": "parentSuite", "value": "tests"}, {"name": "suite", "value": "test_shop"}, {"name": "host", "value": "LAPTOP-KM9930ES"}, {"name": "thread", "value": "17536-MainThread"}, {"name": "framework", "value": "pytest"}, {"name": "language", "value": "cpython3"}, {"name": "package", "value": "tests.test_shop"}]}